<?xml version="1.0" encoding="UTF-8"?>
<!-- Generated by org.testng.reporters.JUnitXMLReporter -->
<testsuite ignored="15" hostname="EPINGUGW0259" failures="0" tests="7" name="CalculatorTests" time="0.059" errors="0" timestamp="2025-08-25T11:16:04 IST">
  <testcase classname="tests.CalculatorDataProviderTests" name="testAddDataDriven" time="0.001"/>
  <testcase classname="tests.CalculatorDataProviderTests" name="testAddDataDriven" time="0.001"/>
  <testcase classname="tests.CalculatorDataProviderTests" name="testAddDataDriven" time="0.002"/>
  <testcase classname="tests.CalculatorDataProviderTests" name="testAddDataDriven" time="0.001"/>
  <testcase classname="tests.CalculatorDataProviderTests" name="testAddDataDriven" time="0.0"/>
  <testcase classname="tests.CalculatorDataProviderTests" name="testDivideByZeroDataDriven" time="0.001"/>
  <testcase classname="tests.CalculatorDataProviderTests" name="testDivideByZeroDataDriven" time="0.0"/>
  <testcase classname="tests.CalculatorNegativeTests" name="testWrongSubtraction" time="0.0">
    <ignored/>
  </testcase> <!-- testWrongSubtraction -->
  <testcase classname="base.BaseTest" name="@AfterSuite afterSuite" time="0.0">
    <ignored/>
  </testcase> <!-- @AfterSuite afterSuite -->
  <testcase classname="tests.CalculatorPositiveTests" name="testMultiplication" time="0.0">
    <ignored/>
  </testcase> <!-- testMultiplication -->
  <testcase classname="tests.CalculatorPositiveTests" name="testSubtraction" time="0.0">
    <ignored/>
  </testcase> <!-- testSubtraction -->
  <testcase classname="tests.CalculatorPositiveTests" name="testPow" time="0.0">
    <ignored/>
  </testcase> <!-- testPow -->
  <testcase classname="tests.CalculatorNegativeTests" name="testAddInfinityPropagation" time="0.0">
    <ignored/>
  </testcase> <!-- testAddInfinityPropagation -->
  <testcase classname="base.BaseTest" name="@BeforeSuite beforeSuite" time="0.0">
    <ignored/>
  </testcase> <!-- @BeforeSuite beforeSuite -->
  <testcase classname="tests.CalculatorNegativeTests" name="testWrongMultiplication" time="0.0">
    <ignored/>
  </testcase> <!-- testWrongMultiplication -->
  <testcase classname="tests.CalculatorPositiveTests" name="testSqrt" time="0.0">
    <ignored/>
  </testcase> <!-- testSqrt -->
  <testcase classname="tests.CalculatorPositiveTests" name="testAddition" time="0.0">
    <ignored/>
  </testcase> <!-- testAddition -->
  <testcase classname="base.BaseTest" name="@AfterSuite afterSuite" time="0.0">
    <ignored/>
  </testcase> <!-- @AfterSuite afterSuite -->
  <testcase classname="base.BaseTest" name="@BeforeSuite beforeSuite" time="0.0">
    <ignored/>
  </testcase> <!-- @BeforeSuite beforeSuite -->
  <testcase classname="tests.CalculatorPositiveTests" name="testDivision" time="0.0">
    <ignored/>
  </testcase> <!-- testDivision -->
  <testcase classname="tests.CalculatorNegativeTests" name="testSqrtNegative" time="0.0">
    <ignored/>
  </testcase> <!-- testSqrtNegative -->
  <testcase classname="tests.CalculatorNegativeTests" name="testDivideByZero" time="0.0">
    <ignored/>
  </testcase> <!-- testDivideByZero -->
</testsuite> <!-- CalculatorTests -->
